put_the_bowl_on_the_plate_demo_0 [fixed] repeat=0 titleF1=0.214 labelAcc=0 latency=29.2s
put_the_bowl_on_the_plate_demo_0 [fixed] repeat=1 titleF1=0.200 labelAcc=0 latency=31.8s
put_the_bowl_on_the_plate_demo_0 [fixed] repeat=2 titleF1=0.200 labelAcc=0 latency=31.9s
put_the_bowl_on_the_plate_demo_0 [ego] repeat=0 titleF1=0.385 labelAcc=0 latency=30.0s
put_the_bowl_on_the_plate_demo_0 [ego] repeat=1 titleF1=0.455 labelAcc=0 latency=26.2s
put_the_bowl_on_the_plate_demo_0 [ego] repeat=2 titleF1=0.435 labelAcc=0 latency=35.9s
put_the_bowl_on_the_plate_demo_0 [fused] repeat=0 titleF1=0.323 labelAcc=1 latency=64.9s
put_the_bowl_on_the_plate_demo_0 [fused] repeat=1 titleF1=0.296 labelAcc=1 latency=63.0s
put_the_bowl_on_the_plate_demo_0 [fused] repeat=2 titleF1=0.296 labelAcc=1 latency=73.4s
put_the_bowl_on_the_stove_demo_0 [fixed] repeat=0 titleF1=0.250 labelAcc=0 latency=34.9s
put_the_bowl_on_the_stove_demo_0 [fixed] repeat=1 titleF1=0.182 labelAcc=0 latency=48.1s
put_the_bowl_on_the_stove_demo_0 [fixed] repeat=2 titleF1=0.194 labelAcc=0 latency=55.4s
put_the_bowl_on_the_stove_demo_0 [ego] repeat=0 titleF1=0.312 labelAcc=0 latency=41.5s
put_the_bowl_on_the_stove_demo_0 [ego] repeat=1 titleF1=0.333 labelAcc=0 latency=45.0s
put_the_bowl_on_the_stove_demo_0 [ego] repeat=2 titleF1=0.312 labelAcc=0 latency=38.1s
put_the_bowl_on_the_stove_demo_0 [fused] repeat=0 titleF1=0.229 labelAcc=0 latency=89.4s
put_the_bowl_on_the_stove_demo_0 [fused] repeat=1 titleF1=0.182 labelAcc=0 latency=89.9s
put_the_bowl_on_the_stove_demo_0 [fused] repeat=2 titleF1=0.182 labelAcc=0 latency=94.0s
turn_on_the_stove_demo_0 [fixed] repeat=0 titleF1=0.056 labelAcc=0 latency=42.8s
turn_on_the_stove_demo_0 [fixed] repeat=1 titleF1=0.154 labelAcc=0 latency=49.8s
turn_on_the_stove_demo_0 [fixed] repeat=2 titleF1=0.059 labelAcc=0 latency=37.4s
turn_on_the_stove_demo_0 [ego] repeat=0 titleF1=0.148 labelAcc=0 latency=32.9s
turn_on_the_stove_demo_0 [ego] repeat=1 titleF1=0.148 labelAcc=0 latency=47.8s
turn_on_the_stove_demo_0 [ego] repeat=2 titleF1=0.067 labelAcc=0 latency=41.7s
turn_on_the_stove_demo_0 [fused] repeat=0 titleF1=0.118 labelAcc=0 latency=70.8s
turn_on_the_stove_demo_0 [fused] repeat=1 titleF1=0.194 labelAcc=0 latency=64.3s
turn_on_the_stove_demo_0 [fused] repeat=2 titleF1=0.188 labelAcc=0 latency=70.2s
Saved LIBERO title experiment: results/libero_goal_title_as_single_segment.json
